<?xml version="1.0" encoding="UTF-8"?>
<testng-results skipped="0" failed="0" total="1" passed="1">
  <reporter-output>
  </reporter-output>
  <suite name="Default suite" duration-ms="65702" started-at="2020-06-05T18:07:13Z" finished-at="2020-06-05T18:08:18Z">
    <groups>
    </groups>
    <test name="Default test" duration-ms="65702" started-at="2020-06-05T18:07:13Z" finished-at="2020-06-05T18:08:18Z">
      <class name="com.info.datadrivenTest.Lognfun">
        <test-method status="PASS" signature="Testloginfun()[pri:0, instance:com.info.datadrivenTest.Lognfun@2d45ba]" name="Testloginfun" duration-ms="65680" started-at="2020-06-05T23:37:13Z" finished-at="2020-06-05T23:38:18Z">
          <reporter-output>
          </reporter-output>
        </test-method> <!-- Testloginfun -->
      </class> <!-- com.info.datadrivenTest.Lognfun -->
    </test> <!-- Default test -->
  </suite> <!-- Default suite -->
</testng-results>
